[debug] [2026-06-15T16:19:26.169Z] ----------------------------------------------------------------------
[debug] [2026-06-15T16:19:26.177Z] Command:       C:\Program Files\nodejs\node.exe C:\Users\abinr\AppData\Roaming\npm\node_modules\firebase-tools\lib\bin\firebase.js init
[debug] [2026-06-15T16:19:26.178Z] CLI Version:   15.20.0
[debug] [2026-06-15T16:19:26.178Z] Platform:      win32
[debug] [2026-06-15T16:19:26.179Z] Node Version:  v22.15.0
[debug] [2026-06-15T16:19:26.180Z] Time:          Mon Jun 15 2026 21:49:26 GMT+0530 (India Standard Time)
[debug] [2026-06-15T16:19:26.180Z] ----------------------------------------------------------------------
[debug] 
[info] 
     ######## #### ########  ######## ########     ###     ######  ########
     ##        ##  ##     ## ##       ##     ##  ##   ##  ##       ##
     ######    ##  ########  ######   ########  #########  ######  ######
     ##        ##  ##    ##  ##       ##     ## ##     ##       ## ##
     ##       #### ##     ## ######## ########  ##     ##  ######  ########

You're about to initialize a Firebase project in this directory:

  D:\my office

[info] 
=== Project Setup
[info] 
[info] First, let's associate this project directory with a Firebase project.
[info] You can create multiple project aliases by running firebase use --add, 
[info] 
[debug] [2026-06-15T16:20:17.943Z] > command requires scopes: ["email","openid","https://www.googleapis.com/auth/cloudplatformprojects.readonly","https://www.googleapis.com/auth/firebase","https://www.googleapis.com/auth/cloud-platform"]
[debug] [2026-06-15T16:20:17.944Z] > authorizing via signed-in user (abinr392@gmail.com)
[debug] [2026-06-15T16:20:17.948Z] Checked if tokens are valid: false, expires at: 1759854726823
[debug] [2026-06-15T16:20:17.948Z] Checked if tokens are valid: false, expires at: 1759854726823
[debug] [2026-06-15T16:20:17.949Z] > refreshing access token with scopes: []
[debug] [2026-06-15T16:20:17.956Z] >>> [apiv2][query] POST https://www.googleapis.com/oauth2/v3/token [none]
[debug] [2026-06-15T16:20:17.957Z] >>> [apiv2][body] POST https://www.googleapis.com/oauth2/v3/token [omitted]
[debug] [2026-06-15T16:20:18.347Z] <<< [apiv2][status] POST https://www.googleapis.com/oauth2/v3/token 400
[debug] [2026-06-15T16:20:18.347Z] <<< [apiv2][body] POST https://www.googleapis.com/oauth2/v3/token [omitted]
[debug] [2026-06-15T16:20:18.348Z] >>> [apiv2][query] GET https://firebase.googleapis.com/v1beta1/projects pageSize=100
[debug] [2026-06-15T16:20:18.678Z] <<< [apiv2][status] GET https://firebase.googleapis.com/v1beta1/projects 401
[debug] [2026-06-15T16:20:18.678Z] <<< [apiv2][body] GET https://firebase.googleapis.com/v1beta1/projects [omitted]
[debug] [2026-06-15T16:20:18.678Z] Got a 401 Unauthenticated error for a call that required authentication. Refreshing tokens.
[debug] [2026-06-15T16:20:18.679Z] Checked if tokens are valid: false, expires at: 1759854726823
[debug] [2026-06-15T16:20:18.679Z] Checked if tokens are valid: false, expires at: 1759854726823
[debug] [2026-06-15T16:20:18.679Z] > refreshing access token with scopes: []
[debug] [2026-06-15T16:20:18.680Z] >>> [apiv2][query] POST https://www.googleapis.com/oauth2/v3/token [none]
[debug] [2026-06-15T16:20:18.680Z] >>> [apiv2][body] POST https://www.googleapis.com/oauth2/v3/token [omitted]
[debug] [2026-06-15T16:20:18.779Z] <<< [apiv2][status] POST https://www.googleapis.com/oauth2/v3/token 400
[debug] [2026-06-15T16:20:18.780Z] <<< [apiv2][body] POST https://www.googleapis.com/oauth2/v3/token [omitted]
[debug] [2026-06-15T16:20:18.782Z] Request to https://firebase.googleapis.com/v1beta1/projects?pageSize=100 had HTTP Error: 401, Request had invalid authentication credentials. Expected OAuth 2 access token, login cookie or other valid authentication credential. See https://developers.google.com/identity/sign-in/web/devconsole-project.
[debug] [2026-06-15T16:20:19.110Z] FirebaseError: Request to https://firebase.googleapis.com/v1beta1/projects?pageSize=100 had HTTP Error: 401, Request had invalid authentication credentials. Expected OAuth 2 access token, login cookie or other valid authentication credential. See https://developers.google.com/identity/sign-in/web/devconsole-project.
    at responseToError (C:\Users\abinr\AppData\Roaming\npm\node_modules\firebase-tools\lib\responseToError.js:53:12)
    at RetryOperation._fn (C:\Users\abinr\AppData\Roaming\npm\node_modules\firebase-tools\lib\apiv2.js:333:77)
    at process.processTicksAndRejections (node:internal/process/task_queues:105:5)
[error] 
[error] Error: Failed to list Firebase projects. See firebase-debug.log for more info.
